android/app/build/intermediates/manifest_merge_blame_file/debug/manifest-merger-blame-debug-report.txt
1<?xml version="1.0" encoding="utf-8"?>
2<manifest xmlns:android="http://schemas.android.com/apk/res/android"
3    package="com.the_whales"
4    android:versionCode="1"
5    android:versionName="1.0" >
6
7    <uses-sdk
8        android:minSdkVersion="21"
9        android:targetSdkVersion="31" />
10
11    <uses-permission android:name="android.permission.SYSTEM_ALERT_WINDOW" />
11-->src/debug/AndroidManifest.xml:5:5-77
11-->src/debug/AndroidManifest.xml:5:22-75
12    <uses-permission android:name="android.permission.INTERNET" />
12-->src/main/AndroidManifest.xml:5:5-67
12-->src/main/AndroidManifest.xml:5:22-64
13    <uses-permission
13-->src/main/AndroidManifest.xml:6:5-7:57
14        android:name="android.permission.BLUETOOTH_SCAN"
14-->src/main/AndroidManifest.xml:6:22-70
15        android:usesPermissionFlags="neverForLocation" />
15-->src/main/AndroidManifest.xml:7:9-55
16    <uses-permission android:name="android.permission.BLUETOOTH_ADVERTISE" />
16-->src/main/AndroidManifest.xml:8:5-77
16-->src/main/AndroidManifest.xml:8:22-75
17    <uses-permission android:name="android.permission.BLUETOOTH_CONNECT" />
17-->src/main/AndroidManifest.xml:9:5-75
17-->src/main/AndroidManifest.xml:9:22-73
18    <uses-permission android:name="android.permission.ACCESS_WIFI_STATE" />
18-->[com.facebook.flipper:flipper:0.125.0] AndroidManifest.xml:16:5-76
18-->[com.facebook.flipper:flipper:0.125.0] AndroidManifest.xml:16:22-73
19    <uses-permission android:name="android.permission.ACCESS_NETWORK_STATE" />
19-->[:react-native-community_netinfo] AndroidManifest.xml:9:5-79
19-->[:react-native-community_netinfo] AndroidManifest.xml:9:22-76
20    <uses-permission android:name="android.permission.BLUETOOTH" />
20-->[:react-native-ble-manager] AndroidManifest.xml:9:5-68
20-->[:react-native-ble-manager] AndroidManifest.xml:9:22-65
21    <uses-permission android:name="android.permission.BLUETOOTH_ADMIN" />
21-->[:react-native-ble-manager] AndroidManifest.xml:10:5-74
21-->[:react-native-ble-manager] AndroidManifest.xml:10:22-71
22    <uses-permission android:name="android.permission.ACCESS_COARSE_LOCATION" />
22-->[:react-native-ble-manager] AndroidManifest.xml:11:5-81
22-->[:react-native-ble-manager] AndroidManifest.xml:11:22-78
23
24    <uses-feature
24-->[:react-native-ble-manager] AndroidManifest.xml:13:5-15:36
25        android:name="android.hardware.bluetooth_le"
25-->[:react-native-ble-manager] AndroidManifest.xml:14:9-53
26        android:required="false" />
26-->[:react-native-ble-manager] AndroidManifest.xml:15:9-33
27
28    <uses-permission-sdk-23 android:name="android.permission.ACCESS_COARSE_LOCATION" />
28-->[com.github.Polidea:MultiPlatformBleAdapter:b0272c0fae040cc90f790481c54e8f2d45304339] AndroidManifest.xml:14:5-88
28-->[com.github.Polidea:MultiPlatformBleAdapter:b0272c0fae040cc90f790481c54e8f2d45304339] AndroidManifest.xml:14:29-85
29    <uses-permission-sdk-23 android:name="android.permission.ACCESS_FINE_LOCATION" />
29-->[com.polidea.rxandroidble:rxandroidble:1.7.1] AndroidManifest.xml:15:5-86
29-->[com.polidea.rxandroidble:rxandroidble:1.7.1] AndroidManifest.xml:15:29-83
30
31    <application
31-->src/main/AndroidManifest.xml:11:5-30:19
32        android:name="com.the_whales.MainApplication"
32-->src/main/AndroidManifest.xml:12:7-38
33        android:allowBackup="false"
33-->src/main/AndroidManifest.xml:16:7-34
34        android:appComponentFactory="androidx.core.app.CoreComponentFactory"
34-->[androidx.core:core:1.7.0] AndroidManifest.xml:24:18-86
35        android:debuggable="true"
36        android:icon="@mipmap/ic_launcher"
36-->src/main/AndroidManifest.xml:14:7-41
37        android:label="@string/app_name"
37-->src/main/AndroidManifest.xml:13:7-39
38        android:roundIcon="@mipmap/ic_launcher_round"
38-->src/main/AndroidManifest.xml:15:7-52
39        android:theme="@style/AppTheme"
39-->src/main/AndroidManifest.xml:17:7-38
40        android:usesCleartextTraffic="true" >
40-->src/debug/AndroidManifest.xml:8:9-44
41        <activity
41-->src/debug/AndroidManifest.xml:11:9-111
42            android:name="com.facebook.react.devsupport.DevSettingsActivity"
42-->src/debug/AndroidManifest.xml:11:19-83
43            android:exported="false" />
43-->src/debug/AndroidManifest.xml:11:84-108
44        <activity
44-->src/main/AndroidManifest.xml:18:7-29:18
45            android:name="com.the_whales.MainActivity"
45-->src/main/AndroidManifest.xml:19:9-37
46            android:configChanges="keyboard|keyboardHidden|orientation|screenLayout|screenSize|smallestScreenSize|uiMode"
46-->src/main/AndroidManifest.xml:21:9-118
47            android:exported="true"
47-->src/main/AndroidManifest.xml:24:9-32
48            android:label="@string/app_name"
48-->src/main/AndroidManifest.xml:20:9-41
49            android:launchMode="singleTask"
49-->src/main/AndroidManifest.xml:22:9-40
50            android:windowSoftInputMode="adjustResize" >
50-->src/main/AndroidManifest.xml:23:9-51
51            <intent-filter>
51-->src/main/AndroidManifest.xml:25:9-28:25
52                <action android:name="android.intent.action.MAIN" />
52-->src/main/AndroidManifest.xml:26:13-65
52-->src/main/AndroidManifest.xml:26:21-62
53
54                <category android:name="android.intent.category.LAUNCHER" />
54-->src/main/AndroidManifest.xml:27:13-73
54-->src/main/AndroidManifest.xml:27:23-70
55            </intent-filter>
56        </activity>
57
58        <provider
58-->[androidx.emoji2:emoji2:1.0.0] AndroidManifest.xml:26:9-34:20
59            android:name="androidx.startup.InitializationProvider"
59-->[androidx.emoji2:emoji2:1.0.0] AndroidManifest.xml:27:13-67
60            android:authorities="com.the_whales.androidx-startup"
60-->[androidx.emoji2:emoji2:1.0.0] AndroidManifest.xml:28:13-68
61            android:exported="false" >
61-->[androidx.emoji2:emoji2:1.0.0] AndroidManifest.xml:29:13-37
62            <meta-data
62-->[androidx.emoji2:emoji2:1.0.0] AndroidManifest.xml:31:13-33:52
63                android:name="androidx.emoji2.text.EmojiCompatInitializer"
63-->[androidx.emoji2:emoji2:1.0.0] AndroidManifest.xml:32:17-75
64                android:value="androidx.startup" />
64-->[androidx.emoji2:emoji2:1.0.0] AndroidManifest.xml:33:17-49
65            <meta-data
65-->[androidx.lifecycle:lifecycle-process:2.4.0] AndroidManifest.xml:31:13-33:52
66                android:name="androidx.lifecycle.ProcessLifecycleInitializer"
66-->[androidx.lifecycle:lifecycle-process:2.4.0] AndroidManifest.xml:32:17-78
67                android:value="androidx.startup" />
67-->[androidx.lifecycle:lifecycle-process:2.4.0] AndroidManifest.xml:33:17-49
68        </provider>
69    </application>
70
71</manifest>